<?xml version="1.0" encoding="UTF-8"?>
<!-- Generated by org.testng.reporters.JUnitXMLReporter -->
<testsuite hostname="LAPTOP-7HUNRUID" ignored="0" name="Surefire test" tests="4" failures="0" timestamp="02 Jun 2020 16:48:42 GMT" time="346.577" errors="0">
  <testcase name="userShouldNavigateToLoginPage" time="63.615" classname="com.virgingames.testsuite.LoginTest"/>
  <testcase name="userShouldNotLoginWithInValidCredentials" time="60.158" classname="com.virgingames.testsuite.LoginTest"/>
  <testcase name="userShouldNotLoginWithNullUsername" time="59.709" classname="com.virgingames.testsuite.LoginTest"/>
  <testcase name="userShouldNotLoginWithNullUsernameAndPassword" time="59.847" classname="com.virgingames.testsuite.LoginTest"/>
</testsuite> <!-- Surefire test -->
